{"C:\\Data\\Code\\NodeJS\\pwc\\intermediate\\modules\\middleware\\authAdminMiddleware.js": {"path":"C:\\Data\\Code\\NodeJS\\pwc\\intermediate\\modules\\middleware\\authAdminMiddleware.js","statementMap":{"0":{"start":{"line":2,"column":4},"end":{"line":6,"column":5}},"1":{"start":{"line":3,"column":8},"end":{"line":3,"column":15}},"2":{"start":{"line":5,"column":8},"end":{"line":5,"column":90}},"3":{"start":{"line":9,"column":0},"end":{"line":9,"column":33}}},"fnMap":{"0":{"name":"adminMiddleware","decl":{"start":{"line":1,"column":9},"end":{"line":1,"column":24}},"loc":{"start":{"line":1,"column":41},"end":{"line":7,"column":1}},"line":1}},"branchMap":{"0":{"loc":{"start":{"line":2,"column":4},"end":{"line":6,"column":5}},"type":"if","locations":[{"start":{"line":2,"column":4},"end":{"line":6,"column":5}},{"start":{"line":4,"column":11},"end":{"line":6,"column":5}}],"line":2}},"s":{"0":0,"1":0,"2":0,"3":2},"f":{"0":0},"b":{"0":[0,0]},"_coverageSchema":"1a1c01bbd47fc00a2c39e90264f33305004495a9","hash":"7d0349e769e623a9258acbbfa9f59ac9e86cf98f"}
,"C:\\Data\\Code\\NodeJS\\pwc\\intermediate\\modules\\middleware\\authUserMiddleware.js": {"path":"C:\\Data\\Code\\NodeJS\\pwc\\intermediate\\modules\\middleware\\authUserMiddleware.js","statementMap":{"0":{"start":{"line":1,"column":12},"end":{"line":1,"column":35}},"1":{"start":{"line":4,"column":18},"end":{"line":4,"column":58}},"2":{"start":{"line":5,"column":4},"end":{"line":7,"column":5}},"3":{"start":{"line":6,"column":8},"end":{"line":6,"column":65}},"4":{"start":{"line":8,"column":4},"end":{"line":15,"column":5}},"5":{"start":{"line":9,"column":29},"end":{"line":9,"column":65}},"6":{"start":{"line":10,"column":8},"end":{"line":10,"column":37}},"7":{"start":{"line":11,"column":8},"end":{"line":11,"column":15}},"8":{"start":{"line":13,"column":8},"end":{"line":13,"column":27}},"9":{"start":{"line":14,"column":8},"end":{"line":14,"column":58}},"10":{"start":{"line":18,"column":0},"end":{"line":18,"column":32}}},"fnMap":{"0":{"name":"authMiddleware","decl":{"start":{"line":3,"column":9},"end":{"line":3,"column":23}},"loc":{"start":{"line":3,"column":40},"end":{"line":16,"column":1}},"line":3}},"branchMap":{"0":{"loc":{"start":{"line":5,"column":4},"end":{"line":7,"column":5}},"type":"if","locations":[{"start":{"line":5,"column":4},"end":{"line":7,"column":5}},{"start":{},"end":{}}],"line":5}},"s":{"0":2,"1":22,"2":22,"3":22,"4":0,"5":0,"6":0,"7":0,"8":0,"9":0,"10":2},"f":{"0":22},"b":{"0":[22,0]},"_coverageSchema":"1a1c01bbd47fc00a2c39e90264f33305004495a9","hash":"9fd60d58ffdaebdcfbd0d84c1cb9ec1d583cc241"}
,"C:\\Data\\Code\\NodeJS\\pwc\\intermediate\\modules\\order\\controller\\order.controller.js": {"path":"C:\\Data\\Code\\NodeJS\\pwc\\intermediate\\modules\\order\\controller\\order.controller.js","statementMap":{"0":{"start":{"line":1,"column":25},"end":{"line":1,"column":69}},"1":{"start":{"line":3,"column":21},"end":{"line":3,"column":43}},"2":{"start":{"line":7,"column":8},"end":{"line":12,"column":9}},"3":{"start":{"line":8,"column":27},"end":{"line":8,"column":68}},"4":{"start":{"line":9,"column":12},"end":{"line":9,"column":41}},"5":{"start":{"line":11,"column":12},"end":{"line":11,"column":71}},"6":{"start":{"line":16,"column":8},"end":{"line":21,"column":9}},"7":{"start":{"line":17,"column":29},"end":{"line":17,"column":69}},"8":{"start":{"line":18,"column":12},"end":{"line":18,"column":43}},"9":{"start":{"line":20,"column":12},"end":{"line":20,"column":71}},"10":{"start":{"line":25,"column":8},"end":{"line":30,"column":9}},"11":{"start":{"line":26,"column":26},"end":{"line":26,"column":68}},"12":{"start":{"line":27,"column":12},"end":{"line":27,"column":28}},"13":{"start":{"line":29,"column":12},"end":{"line":29,"column":64}},"14":{"start":{"line":34,"column":8},"end":{"line":39,"column":9}},"15":{"start":{"line":35,"column":33},"end":{"line":35,"column":88}},"16":{"start":{"line":36,"column":12},"end":{"line":36,"column":35}},"17":{"start":{"line":38,"column":12},"end":{"line":38,"column":64}},"18":{"start":{"line":43,"column":8},"end":{"line":48,"column":9}},"19":{"start":{"line":44,"column":33},"end":{"line":44,"column":78}},"20":{"start":{"line":45,"column":12},"end":{"line":45,"column":35}},"21":{"start":{"line":47,"column":12},"end":{"line":47,"column":64}},"22":{"start":{"line":52,"column":8},"end":{"line":58,"column":9}},"23":{"start":{"line":53,"column":27},"end":{"line":53,"column":44}},"24":{"start":{"line":54,"column":31},"end":{"line":54,"column":71}},"25":{"start":{"line":55,"column":12},"end":{"line":55,"column":33}},"26":{"start":{"line":57,"column":12},"end":{"line":57,"column":79}},"27":{"start":{"line":62,"column":8},"end":{"line":68,"column":9}},"28":{"start":{"line":63,"column":28},"end":{"line":63,"column":41}},"29":{"start":{"line":64,"column":34},"end":{"line":64,"column":73}},"30":{"start":{"line":65,"column":12},"end":{"line":65,"column":36}},"31":{"start":{"line":67,"column":12},"end":{"line":67,"column":64}},"32":{"start":{"line":72,"column":8},"end":{"line":78,"column":9}},"33":{"start":{"line":73,"column":28},"end":{"line":73,"column":41}},"34":{"start":{"line":74,"column":35},"end":{"line":74,"column":85}},"35":{"start":{"line":75,"column":12},"end":{"line":75,"column":37}},"36":{"start":{"line":77,"column":12},"end":{"line":77,"column":64}},"37":{"start":{"line":82,"column":8},"end":{"line":88,"column":9}},"38":{"start":{"line":83,"column":28},"end":{"line":83,"column":41}},"39":{"start":{"line":84,"column":12},"end":{"line":84,"column":55}},"40":{"start":{"line":85,"column":12},"end":{"line":85,"column":69}},"41":{"start":{"line":87,"column":12},"end":{"line":87,"column":74}},"42":{"start":{"line":92,"column":8},"end":{"line":97,"column":9}},"43":{"start":{"line":93,"column":35},"end":{"line":93,"column":73}},"44":{"start":{"line":94,"column":12},"end":{"line":94,"column":37}},"45":{"start":{"line":96,"column":12},"end":{"line":96,"column":83}},"46":{"start":{"line":101,"column":8},"end":{"line":107,"column":9}},"47":{"start":{"line":102,"column":28},"end":{"line":102,"column":41}},"48":{"start":{"line":103,"column":28},"end":{"line":103,"column":71}},"49":{"start":{"line":104,"column":12},"end":{"line":104,"column":30}},"50":{"start":{"line":106,"column":12},"end":{"line":106,"column":75}},"51":{"start":{"line":111,"column":8},"end":{"line":117,"column":9}},"52":{"start":{"line":112,"column":28},"end":{"line":112,"column":41}},"53":{"start":{"line":113,"column":36},"end":{"line":113,"column":77}},"54":{"start":{"line":114,"column":12},"end":{"line":114,"column":38}},"55":{"start":{"line":116,"column":12},"end":{"line":116,"column":73}},"56":{"start":{"line":121,"column":8},"end":{"line":126,"column":9}},"57":{"start":{"line":122,"column":37},"end":{"line":122,"column":77}},"58":{"start":{"line":123,"column":12},"end":{"line":123,"column":39}},"59":{"start":{"line":125,"column":12},"end":{"line":125,"column":85}},"60":{"start":{"line":130,"column":8},"end":{"line":136,"column":9}},"61":{"start":{"line":131,"column":42},"end":{"line":131,"column":52}},"62":{"start":{"line":132,"column":31},"end":{"line":132,"column":86}},"63":{"start":{"line":133,"column":12},"end":{"line":133,"column":33}},"64":{"start":{"line":135,"column":12},"end":{"line":135,"column":111}},"65":{"start":{"line":140,"column":0},"end":{"line":140,"column":33}}},"fnMap":{"0":{"name":"(anonymous_0)","decl":{"start":{"line":6,"column":4},"end":{"line":6,"column":5}},"loc":{"start":{"line":6,"column":33},"end":{"line":13,"column":5}},"line":6},"1":{"name":"(anonymous_1)","decl":{"start":{"line":15,"column":4},"end":{"line":15,"column":5}},"loc":{"start":{"line":15,"column":32},"end":{"line":22,"column":5}},"line":15},"2":{"name":"(anonymous_2)","decl":{"start":{"line":24,"column":4},"end":{"line":24,"column":5}},"loc":{"start":{"line":24,"column":29},"end":{"line":31,"column":5}},"line":24},"3":{"name":"(anonymous_3)","decl":{"start":{"line":33,"column":4},"end":{"line":33,"column":5}},"loc":{"start":{"line":33,"column":32},"end":{"line":40,"column":5}},"line":33},"4":{"name":"(anonymous_4)","decl":{"start":{"line":42,"column":4},"end":{"line":42,"column":5}},"loc":{"start":{"line":42,"column":32},"end":{"line":49,"column":5}},"line":42},"5":{"name":"(anonymous_5)","decl":{"start":{"line":51,"column":4},"end":{"line":51,"column":5}},"loc":{"start":{"line":51,"column":34},"end":{"line":59,"column":5}},"line":51},"6":{"name":"(anonymous_6)","decl":{"start":{"line":61,"column":4},"end":{"line":61,"column":5}},"loc":{"start":{"line":61,"column":32},"end":{"line":69,"column":5}},"line":61},"7":{"name":"(anonymous_7)","decl":{"start":{"line":71,"column":4},"end":{"line":71,"column":5}},"loc":{"start":{"line":71,"column":38},"end":{"line":79,"column":5}},"line":71},"8":{"name":"(anonymous_8)","decl":{"start":{"line":81,"column":4},"end":{"line":81,"column":5}},"loc":{"start":{"line":81,"column":35},"end":{"line":89,"column":5}},"line":81},"9":{"name":"(anonymous_9)","decl":{"start":{"line":91,"column":4},"end":{"line":91,"column":5}},"loc":{"start":{"line":91,"column":38},"end":{"line":98,"column":5}},"line":91},"10":{"name":"(anonymous_10)","decl":{"start":{"line":100,"column":4},"end":{"line":100,"column":5}},"loc":{"start":{"line":100,"column":36},"end":{"line":108,"column":5}},"line":100},"11":{"name":"(anonymous_11)","decl":{"start":{"line":110,"column":4},"end":{"line":110,"column":5}},"loc":{"start":{"line":110,"column":34},"end":{"line":118,"column":5}},"line":110},"12":{"name":"(anonymous_12)","decl":{"start":{"line":120,"column":4},"end":{"line":120,"column":5}},"loc":{"start":{"line":120,"column":40},"end":{"line":127,"column":5}},"line":120},"13":{"name":"(anonymous_13)","decl":{"start":{"line":129,"column":4},"end":{"line":129,"column":5}},"loc":{"start":{"line":129,"column":38},"end":{"line":137,"column":5}},"line":129}},"branchMap":{},"s":{"0":1,"1":1,"2":0,"3":0,"4":0,"5":0,"6":2,"7":2,"8":1,"9":1,"10":2,"11":2,"12":1,"13":1,"14":2,"15":2,"16":1,"17":1,"18":3,"19":3,"20":1,"21":2,"22":1,"23":1,"24":1,"25":1,"26":0,"27":1,"28":1,"29":1,"30":1,"31":0,"32":1,"33":1,"34":1,"35":1,"36":0,"37":1,"38":1,"39":1,"40":1,"41":0,"42":1,"43":1,"44":1,"45":0,"46":1,"47":1,"48":1,"49":1,"50":0,"51":1,"52":1,"53":1,"54":1,"55":0,"56":1,"57":1,"58":1,"59":0,"60":0,"61":0,"62":0,"63":0,"64":0,"65":1},"f":{"0":0,"1":2,"2":2,"3":2,"4":3,"5":1,"6":1,"7":1,"8":1,"9":1,"10":1,"11":1,"12":1,"13":0},"b":{},"_coverageSchema":"1a1c01bbd47fc00a2c39e90264f33305004495a9","hash":"36ab55d3e86afeafe361fd62b3806a74d196d486"}
,"C:\\Data\\Code\\NodeJS\\pwc\\intermediate\\modules\\order\\dao\\models\\order.model.js": {"path":"C:\\Data\\Code\\NodeJS\\pwc\\intermediate\\modules\\order\\dao\\models\\order.model.js","statementMap":{"0":{"start":{"line":1,"column":15},"end":{"line":1,"column":34}},"1":{"start":{"line":3,"column":18},"end":{"line":3,"column":52}},"2":{"start":{"line":4,"column":0},"end":{"line":4,"column":54}}},"fnMap":{},"branchMap":{},"s":{"0":4,"1":4,"2":4},"f":{},"b":{},"_coverageSchema":"1a1c01bbd47fc00a2c39e90264f33305004495a9","hash":"334b47272f26dea17694b8aca50236df949c594e"}
,"C:\\Data\\Code\\NodeJS\\pwc\\intermediate\\modules\\order\\dao\\schemas\\order.schema.js": {"path":"C:\\Data\\Code\\NodeJS\\pwc\\intermediate\\modules\\order\\dao\\schemas\\order.schema.js","statementMap":{"0":{"start":{"line":1,"column":17},"end":{"line":1,"column":36}},"1":{"start":{"line":3,"column":20},"end":{"line":21,"column":2}},"2":{"start":{"line":23,"column":0},"end":{"line":23,"column":29}}},"fnMap":{},"branchMap":{},"s":{"0":4,"1":4,"2":4},"f":{},"b":{},"_coverageSchema":"1a1c01bbd47fc00a2c39e90264f33305004495a9","hash":"015249e30f5715aea4a3fc4c254266e0e3b42437"}
,"C:\\Data\\Code\\NodeJS\\pwc\\intermediate\\modules\\order\\routes\\order.routes.js": {"path":"C:\\Data\\Code\\NodeJS\\pwc\\intermediate\\modules\\order\\routes\\order.routes.js","statementMap":{"0":{"start":{"line":1,"column":16},"end":{"line":1,"column":34}},"1":{"start":{"line":2,"column":15},"end":{"line":2,"column":31}},"2":{"start":{"line":4,"column":24},"end":{"line":4,"column":65}},"3":{"start":{"line":5,"column":23},"end":{"line":5,"column":69}},"4":{"start":{"line":6,"column":24},"end":{"line":6,"column":45}},"5":{"start":{"line":8,"column":0},"end":{"line":8,"column":27}},"6":{"start":{"line":10,"column":0},"end":{"line":10,"column":49}},"7":{"start":{"line":11,"column":0},"end":{"line":11,"column":52}},"8":{"start":{"line":12,"column":0},"end":{"line":12,"column":45}},"9":{"start":{"line":13,"column":0},"end":{"line":13,"column":48}},"10":{"start":{"line":14,"column":0},"end":{"line":14,"column":51}},"11":{"start":{"line":15,"column":0},"end":{"line":15,"column":59}},"12":{"start":{"line":16,"column":0},"end":{"line":16,"column":58}},"13":{"start":{"line":17,"column":0},"end":{"line":17,"column":62}},"14":{"start":{"line":18,"column":0},"end":{"line":18,"column":56}},"15":{"start":{"line":19,"column":0},"end":{"line":19,"column":60}},"16":{"start":{"line":20,"column":0},"end":{"line":20,"column":60}},"17":{"start":{"line":21,"column":0},"end":{"line":21,"column":59}},"18":{"start":{"line":22,"column":0},"end":{"line":22,"column":60}},"19":{"start":{"line":23,"column":0},"end":{"line":23,"column":77}},"20":{"start":{"line":25,"column":0},"end":{"line":25,"column":24}}},"fnMap":{},"branchMap":{},"s":{"0":1,"1":1,"2":1,"3":1,"4":1,"5":1,"6":1,"7":1,"8":1,"9":1,"10":1,"11":1,"12":1,"13":1,"14":1,"15":1,"16":1,"17":1,"18":1,"19":1,"20":1},"f":{},"b":{},"_coverageSchema":"1a1c01bbd47fc00a2c39e90264f33305004495a9","hash":"9201cd635fdc28ddf45818600ca8b454dd5be4ae"}
,"C:\\Data\\Code\\NodeJS\\pwc\\intermediate\\modules\\order\\service\\order.service.js": {"path":"C:\\Data\\Code\\NodeJS\\pwc\\intermediate\\modules\\order\\service\\order.service.js","statementMap":{"0":{"start":{"line":18,"column":0},"end":{"line":18,"column":30}}},"fnMap":{"0":{"name":"(anonymous_0)","decl":{"start":{"line":2,"column":4},"end":{"line":2,"column":5}},"loc":{"start":{"line":2,"column":33},"end":{"line":2,"column":36}},"line":2},"1":{"name":"(anonymous_1)","decl":{"start":{"line":3,"column":4},"end":{"line":3,"column":5}},"loc":{"start":{"line":3,"column":28},"end":{"line":3,"column":31}},"line":3},"2":{"name":"(anonymous_2)","decl":{"start":{"line":4,"column":4},"end":{"line":4,"column":5}},"loc":{"start":{"line":4,"column":45},"end":{"line":4,"column":48}},"line":4},"3":{"name":"(anonymous_3)","decl":{"start":{"line":5,"column":4},"end":{"line":5,"column":5}},"loc":{"start":{"line":5,"column":31},"end":{"line":5,"column":34}},"line":5},"4":{"name":"(anonymous_4)","decl":{"start":{"line":6,"column":4},"end":{"line":6,"column":5}},"loc":{"start":{"line":6,"column":32},"end":{"line":6,"column":35}},"line":6},"5":{"name":"(anonymous_5)","decl":{"start":{"line":7,"column":4},"end":{"line":7,"column":5}},"loc":{"start":{"line":7,"column":31},"end":{"line":7,"column":34}},"line":7},"6":{"name":"(anonymous_6)","decl":{"start":{"line":8,"column":4},"end":{"line":8,"column":5}},"loc":{"start":{"line":8,"column":42},"end":{"line":8,"column":45}},"line":8},"7":{"name":"(anonymous_7)","decl":{"start":{"line":9,"column":4},"end":{"line":9,"column":5}},"loc":{"start":{"line":9,"column":34},"end":{"line":9,"column":37}},"line":9},"8":{"name":"(anonymous_8)","decl":{"start":{"line":10,"column":4},"end":{"line":10,"column":5}},"loc":{"start":{"line":10,"column":30},"end":{"line":10,"column":33}},"line":10},"9":{"name":"(anonymous_9)","decl":{"start":{"line":11,"column":4},"end":{"line":11,"column":5}},"loc":{"start":{"line":11,"column":35},"end":{"line":11,"column":38}},"line":11},"10":{"name":"(anonymous_10)","decl":{"start":{"line":12,"column":4},"end":{"line":12,"column":5}},"loc":{"start":{"line":12,"column":33},"end":{"line":12,"column":36}},"line":12},"11":{"name":"(anonymous_11)","decl":{"start":{"line":13,"column":4},"end":{"line":13,"column":5}},"loc":{"start":{"line":13,"column":32},"end":{"line":13,"column":35}},"line":13},"12":{"name":"(anonymous_12)","decl":{"start":{"line":14,"column":4},"end":{"line":14,"column":5}},"loc":{"start":{"line":14,"column":47},"end":{"line":14,"column":50}},"line":14},"13":{"name":"(anonymous_13)","decl":{"start":{"line":15,"column":4},"end":{"line":15,"column":5}},"loc":{"start":{"line":15,"column":25},"end":{"line":15,"column":28}},"line":15}},"branchMap":{},"s":{"0":2},"f":{"0":0,"1":0,"2":0,"3":0,"4":0,"5":0,"6":0,"7":0,"8":0,"9":0,"10":0,"11":0,"12":0,"13":0},"b":{},"_coverageSchema":"1a1c01bbd47fc00a2c39e90264f33305004495a9","hash":"3c7dd8f5556cfe76eb852b029315bbf98a836ec5"}
,"C:\\Data\\Code\\NodeJS\\pwc\\intermediate\\modules\\order\\service\\impl\\order.serviceImpl.js": {"path":"C:\\Data\\Code\\NodeJS\\pwc\\intermediate\\modules\\order\\service\\impl\\order.serviceImpl.js","statementMap":{"0":{"start":{"line":1,"column":14},"end":{"line":1,"column":53}},"1":{"start":{"line":2,"column":21},"end":{"line":2,"column":48}},"2":{"start":{"line":6,"column":8},"end":{"line":11,"column":9}},"3":{"start":{"line":7,"column":26},"end":{"line":7,"column":55}},"4":{"start":{"line":8,"column":12},"end":{"line":8,"column":25}},"5":{"start":{"line":10,"column":12},"end":{"line":10,"column":55}},"6":{"start":{"line":15,"column":8},"end":{"line":20,"column":9}},"7":{"start":{"line":16,"column":27},"end":{"line":16,"column":45}},"8":{"start":{"line":17,"column":12},"end":{"line":17,"column":26}},"9":{"start":{"line":19,"column":12},"end":{"line":19,"column":59}},"10":{"start":{"line":24,"column":8},"end":{"line":32,"column":9}},"11":{"start":{"line":25,"column":26},"end":{"line":25,"column":55}},"12":{"start":{"line":26,"column":12},"end":{"line":28,"column":13}},"13":{"start":{"line":27,"column":16},"end":{"line":27,"column":52}},"14":{"start":{"line":29,"column":12},"end":{"line":29,"column":25}},"15":{"start":{"line":31,"column":12},"end":{"line":31,"column":52}},"16":{"start":{"line":36,"column":8},"end":{"line":44,"column":9}},"17":{"start":{"line":37,"column":26},"end":{"line":37,"column":93}},"18":{"start":{"line":38,"column":12},"end":{"line":40,"column":13}},"19":{"start":{"line":39,"column":16},"end":{"line":39,"column":52}},"20":{"start":{"line":41,"column":12},"end":{"line":41,"column":25}},"21":{"start":{"line":43,"column":12},"end":{"line":43,"column":55}},"22":{"start":{"line":48,"column":8},"end":{"line":56,"column":9}},"23":{"start":{"line":49,"column":26},"end":{"line":49,"column":64}},"24":{"start":{"line":50,"column":12},"end":{"line":52,"column":13}},"25":{"start":{"line":51,"column":16},"end":{"line":51,"column":52}},"26":{"start":{"line":53,"column":12},"end":{"line":53,"column":25}},"27":{"start":{"line":55,"column":12},"end":{"line":55,"column":55}},"28":{"start":{"line":60,"column":8},"end":{"line":65,"column":9}},"29":{"start":{"line":61,"column":27},"end":{"line":61,"column":55}},"30":{"start":{"line":62,"column":12},"end":{"line":62,"column":26}},"31":{"start":{"line":64,"column":12},"end":{"line":64,"column":63}},"32":{"start":{"line":69,"column":8},"end":{"line":77,"column":9}},"33":{"start":{"line":70,"column":34},"end":{"line":70,"column":72}},"34":{"start":{"line":71,"column":12},"end":{"line":73,"column":13}},"35":{"start":{"line":72,"column":16},"end":{"line":72,"column":52}},"36":{"start":{"line":74,"column":12},"end":{"line":74,"column":33}},"37":{"start":{"line":76,"column":12},"end":{"line":76,"column":55}},"38":{"start":{"line":81,"column":8},"end":{"line":89,"column":9}},"39":{"start":{"line":82,"column":35},"end":{"line":82,"column":75}},"40":{"start":{"line":83,"column":12},"end":{"line":85,"column":13}},"41":{"start":{"line":84,"column":16},"end":{"line":84,"column":52}},"42":{"start":{"line":86,"column":12},"end":{"line":86,"column":42}},"43":{"start":{"line":88,"column":12},"end":{"line":88,"column":67}},"44":{"start":{"line":93,"column":8},"end":{"line":107,"column":9}},"45":{"start":{"line":94,"column":26},"end":{"line":94,"column":55}},"46":{"start":{"line":95,"column":12},"end":{"line":97,"column":13}},"47":{"start":{"line":96,"column":16},"end":{"line":96,"column":52}},"48":{"start":{"line":100,"column":12},"end":{"line":100,"column":42}},"49":{"start":{"line":101,"column":12},"end":{"line":101,"column":55}},"50":{"start":{"line":102,"column":12},"end":{"line":102,"column":31}},"51":{"start":{"line":104,"column":12},"end":{"line":104,"column":66}},"52":{"start":{"line":106,"column":12},"end":{"line":106,"column":58}},"53":{"start":{"line":111,"column":8},"end":{"line":137,"column":9}},"54":{"start":{"line":112,"column":27},"end":{"line":112,"column":45}},"55":{"start":{"line":113,"column":32},"end":{"line":113,"column":45}},"56":{"start":{"line":114,"column":35},"end":{"line":114,"column":36}},"57":{"start":{"line":115,"column":37},"end":{"line":115,"column":38}},"58":{"start":{"line":116,"column":36},"end":{"line":116,"column":52}},"59":{"start":{"line":117,"column":12},"end":{"line":126,"column":15}},"60":{"start":{"line":118,"column":35},"end":{"line":118,"column":52}},"61":{"start":{"line":119,"column":16},"end":{"line":119,"column":47}},"62":{"start":{"line":120,"column":16},"end":{"line":122,"column":17}},"63":{"start":{"line":121,"column":20},"end":{"line":121,"column":52}},"64":{"start":{"line":123,"column":16},"end":{"line":125,"column":17}},"65":{"start":{"line":124,"column":20},"end":{"line":124,"column":51}},"66":{"start":{"line":127,"column":39},"end":{"line":127,"column":69}},"67":{"start":{"line":128,"column":35},"end":{"line":133,"column":13}},"68":{"start":{"line":134,"column":12},"end":{"line":134,"column":34}},"69":{"start":{"line":136,"column":12},"end":{"line":136,"column":67}},"70":{"start":{"line":141,"column":8},"end":{"line":157,"column":9}},"71":{"start":{"line":142,"column":26},"end":{"line":142,"column":55}},"72":{"start":{"line":143,"column":12},"end":{"line":145,"column":13}},"73":{"start":{"line":144,"column":16},"end":{"line":144,"column":52}},"74":{"start":{"line":148,"column":28},"end":{"line":153,"column":13}},"75":{"start":{"line":154,"column":12},"end":{"line":154,"column":27}},"76":{"start":{"line":156,"column":12},"end":{"line":156,"column":59}},"77":{"start":{"line":161,"column":8},"end":{"line":176,"column":9}},"78":{"start":{"line":162,"column":26},"end":{"line":162,"column":55}},"79":{"start":{"line":163,"column":12},"end":{"line":165,"column":13}},"80":{"start":{"line":164,"column":16},"end":{"line":164,"column":52}},"81":{"start":{"line":168,"column":36},"end":{"line":172,"column":13}},"82":{"start":{"line":173,"column":12},"end":{"line":173,"column":35}},"83":{"start":{"line":175,"column":12},"end":{"line":175,"column":57}},"84":{"start":{"line":180,"column":8},"end":{"line":199,"column":9}},"85":{"start":{"line":181,"column":27},"end":{"line":181,"column":45}},"86":{"start":{"line":182,"column":37},"end":{"line":195,"column":13}},"87":{"start":{"line":184,"column":39},"end":{"line":184,"column":56}},"88":{"start":{"line":185,"column":20},"end":{"line":185,"column":57}},"89":{"start":{"line":186,"column":20},"end":{"line":186,"column":94}},"90":{"start":{"line":187,"column":20},"end":{"line":187,"column":92}},"91":{"start":{"line":188,"column":20},"end":{"line":188,"column":37}},"92":{"start":{"line":196,"column":12},"end":{"line":196,"column":36}},"93":{"start":{"line":198,"column":12},"end":{"line":198,"column":69}},"94":{"start":{"line":203,"column":8},"end":{"line":212,"column":9}},"95":{"start":{"line":204,"column":26},"end":{"line":207,"column":14}},"96":{"start":{"line":208,"column":12},"end":{"line":208,"column":27}},"97":{"start":{"line":210,"column":12},"end":{"line":210,"column":58}},"98":{"start":{"line":211,"column":12},"end":{"line":211,"column":25}},"99":{"start":{"line":217,"column":0},"end":{"line":217,"column":34}}},"fnMap":{"0":{"name":"(anonymous_0)","decl":{"start":{"line":5,"column":4},"end":{"line":5,"column":5}},"loc":{"start":{"line":5,"column":33},"end":{"line":12,"column":5}},"line":5},"1":{"name":"(anonymous_1)","decl":{"start":{"line":14,"column":4},"end":{"line":14,"column":5}},"loc":{"start":{"line":14,"column":25},"end":{"line":21,"column":5}},"line":14},"2":{"name":"(anonymous_2)","decl":{"start":{"line":23,"column":4},"end":{"line":23,"column":5}},"loc":{"start":{"line":23,"column":28},"end":{"line":33,"column":5}},"line":23},"3":{"name":"(anonymous_3)","decl":{"start":{"line":35,"column":4},"end":{"line":35,"column":5}},"loc":{"start":{"line":35,"column":45},"end":{"line":45,"column":5}},"line":35},"4":{"name":"(anonymous_4)","decl":{"start":{"line":47,"column":4},"end":{"line":47,"column":5}},"loc":{"start":{"line":47,"column":31},"end":{"line":57,"column":5}},"line":47},"5":{"name":"(anonymous_5)","decl":{"start":{"line":59,"column":4},"end":{"line":59,"column":5}},"loc":{"start":{"line":59,"column":32},"end":{"line":66,"column":5}},"line":59},"6":{"name":"(anonymous_6)","decl":{"start":{"line":68,"column":4},"end":{"line":68,"column":5}},"loc":{"start":{"line":68,"column":31},"end":{"line":78,"column":5}},"line":68},"7":{"name":"(anonymous_7)","decl":{"start":{"line":80,"column":4},"end":{"line":80,"column":5}},"loc":{"start":{"line":80,"column":42},"end":{"line":90,"column":5}},"line":80},"8":{"name":"(anonymous_8)","decl":{"start":{"line":92,"column":4},"end":{"line":92,"column":5}},"loc":{"start":{"line":92,"column":34},"end":{"line":108,"column":5}},"line":92},"9":{"name":"(anonymous_9)","decl":{"start":{"line":110,"column":4},"end":{"line":110,"column":5}},"loc":{"start":{"line":110,"column":30},"end":{"line":138,"column":5}},"line":110},"10":{"name":"(anonymous_10)","decl":{"start":{"line":117,"column":27},"end":{"line":117,"column":28}},"loc":{"start":{"line":117,"column":36},"end":{"line":126,"column":13}},"line":117},"11":{"name":"(anonymous_11)","decl":{"start":{"line":140,"column":4},"end":{"line":140,"column":5}},"loc":{"start":{"line":140,"column":35},"end":{"line":158,"column":5}},"line":140},"12":{"name":"(anonymous_12)","decl":{"start":{"line":160,"column":4},"end":{"line":160,"column":5}},"loc":{"start":{"line":160,"column":33},"end":{"line":177,"column":5}},"line":160},"13":{"name":"(anonymous_13)","decl":{"start":{"line":179,"column":4},"end":{"line":179,"column":5}},"loc":{"start":{"line":179,"column":32},"end":{"line":200,"column":5}},"line":179},"14":{"name":"(anonymous_14)","decl":{"start":{"line":183,"column":16},"end":{"line":183,"column":17}},"loc":{"start":{"line":183,"column":38},"end":{"line":189,"column":17}},"line":183},"15":{"name":"(anonymous_15)","decl":{"start":{"line":202,"column":4},"end":{"line":202,"column":5}},"loc":{"start":{"line":202,"column":47},"end":{"line":213,"column":5}},"line":202}},"branchMap":{"0":{"loc":{"start":{"line":26,"column":12},"end":{"line":28,"column":13}},"type":"if","locations":[{"start":{"line":26,"column":12},"end":{"line":28,"column":13}},{"start":{},"end":{}}],"line":26},"1":{"loc":{"start":{"line":38,"column":12},"end":{"line":40,"column":13}},"type":"if","locations":[{"start":{"line":38,"column":12},"end":{"line":40,"column":13}},{"start":{},"end":{}}],"line":38},"2":{"loc":{"start":{"line":50,"column":12},"end":{"line":52,"column":13}},"type":"if","locations":[{"start":{"line":50,"column":12},"end":{"line":52,"column":13}},{"start":{},"end":{}}],"line":50},"3":{"loc":{"start":{"line":71,"column":12},"end":{"line":73,"column":13}},"type":"if","locations":[{"start":{"line":71,"column":12},"end":{"line":73,"column":13}},{"start":{},"end":{}}],"line":71},"4":{"loc":{"start":{"line":83,"column":12},"end":{"line":85,"column":13}},"type":"if","locations":[{"start":{"line":83,"column":12},"end":{"line":85,"column":13}},{"start":{},"end":{}}],"line":83},"5":{"loc":{"start":{"line":95,"column":12},"end":{"line":97,"column":13}},"type":"if","locations":[{"start":{"line":95,"column":12},"end":{"line":97,"column":13}},{"start":{},"end":{}}],"line":95},"6":{"loc":{"start":{"line":120,"column":16},"end":{"line":122,"column":17}},"type":"if","locations":[{"start":{"line":120,"column":16},"end":{"line":122,"column":17}},{"start":{},"end":{}}],"line":120},"7":{"loc":{"start":{"line":123,"column":16},"end":{"line":125,"column":17}},"type":"if","locations":[{"start":{"line":123,"column":16},"end":{"line":125,"column":17}},{"start":{},"end":{}}],"line":123},"8":{"loc":{"start":{"line":143,"column":12},"end":{"line":145,"column":13}},"type":"if","locations":[{"start":{"line":143,"column":12},"end":{"line":145,"column":13}},{"start":{},"end":{}}],"line":143},"9":{"loc":{"start":{"line":163,"column":12},"end":{"line":165,"column":13}},"type":"if","locations":[{"start":{"line":163,"column":12},"end":{"line":165,"column":13}},{"start":{},"end":{}}],"line":163}},"s":{"0":2,"1":2,"2":2,"3":2,"4":1,"5":1,"6":0,"7":0,"8":0,"9":0,"10":2,"11":2,"12":2,"13":1,"14":1,"15":1,"16":3,"17":3,"18":2,"19":1,"20":1,"21":2,"22":3,"23":3,"24":2,"25":1,"26":1,"27":2,"28":2,"29":2,"30":1,"31":1,"32":2,"33":2,"34":1,"35":0,"36":1,"37":1,"38":2,"39":2,"40":1,"41":0,"42":1,"43":1,"44":1,"45":1,"46":1,"47":0,"48":1,"49":0,"50":0,"51":0,"52":1,"53":2,"54":2,"55":1,"56":1,"57":1,"58":1,"59":1,"60":3,"61":3,"62":3,"63":2,"64":3,"65":2,"66":1,"67":1,"68":1,"69":1,"70":2,"71":2,"72":1,"73":0,"74":1,"75":1,"76":1,"77":2,"78":2,"79":1,"80":0,"81":1,"82":1,"83":1,"84":2,"85":2,"86":1,"87":3,"88":3,"89":3,"90":3,"91":3,"92":1,"93":1,"94":0,"95":0,"96":0,"97":0,"98":0,"99":2},"f":{"0":2,"1":0,"2":2,"3":3,"4":3,"5":2,"6":2,"7":2,"8":1,"9":2,"10":3,"11":2,"12":2,"13":2,"14":3,"15":0},"b":{"0":[1,1],"1":[1,1],"2":[1,1],"3":[0,1],"4":[0,1],"5":[0,1],"6":[2,1],"7":[2,1],"8":[0,1],"9":[0,1]},"_coverageSchema":"1a1c01bbd47fc00a2c39e90264f33305004495a9","hash":"0c48a64c1f1d2771f36d89a7396afab6a26d7a9f"}
,"C:\\Data\\Code\\NodeJS\\pwc\\intermediate\\modules\\product\\controller\\product.controller.js": {"path":"C:\\Data\\Code\\NodeJS\\pwc\\intermediate\\modules\\product\\controller\\product.controller.js","statementMap":{"0":{"start":{"line":1,"column":27},"end":{"line":1,"column":73}},"1":{"start":{"line":3,"column":23},"end":{"line":3,"column":47}},"2":{"start":{"line":7,"column":8},"end":{"line":12,"column":9}},"3":{"start":{"line":8,"column":31},"end":{"line":8,"column":75}},"4":{"start":{"line":9,"column":12},"end":{"line":9,"column":45}},"5":{"start":{"line":11,"column":12},"end":{"line":11,"column":73}},"6":{"start":{"line":16,"column":8},"end":{"line":21,"column":9}},"7":{"start":{"line":17,"column":28},"end":{"line":17,"column":74}},"8":{"start":{"line":18,"column":12},"end":{"line":18,"column":30}},"9":{"start":{"line":20,"column":12},"end":{"line":20,"column":66}},"10":{"start":{"line":25,"column":8},"end":{"line":30,"column":9}},"11":{"start":{"line":26,"column":35},"end":{"line":26,"column":94}},"12":{"start":{"line":27,"column":12},"end":{"line":27,"column":37}},"13":{"start":{"line":29,"column":12},"end":{"line":29,"column":66}},"14":{"start":{"line":34,"column":8},"end":{"line":39,"column":9}},"15":{"start":{"line":35,"column":35},"end":{"line":35,"column":84}},"16":{"start":{"line":36,"column":12},"end":{"line":36,"column":37}},"17":{"start":{"line":38,"column":12},"end":{"line":38,"column":66}},"18":{"start":{"line":43,"column":8},"end":{"line":48,"column":9}},"19":{"start":{"line":44,"column":29},"end":{"line":44,"column":66}},"20":{"start":{"line":45,"column":12},"end":{"line":45,"column":31}},"21":{"start":{"line":47,"column":12},"end":{"line":47,"column":76}},"22":{"start":{"line":52,"column":8},"end":{"line":58,"column":9}},"23":{"start":{"line":53,"column":26},"end":{"line":53,"column":52}},"24":{"start":{"line":54,"column":37},"end":{"line":54,"column":84}},"25":{"start":{"line":55,"column":12},"end":{"line":55,"column":39}},"26":{"start":{"line":57,"column":12},"end":{"line":57,"column":86}},"27":{"start":{"line":62,"column":8},"end":{"line":68,"column":9}},"28":{"start":{"line":63,"column":42},"end":{"line":63,"column":51}},"29":{"start":{"line":64,"column":34},"end":{"line":64,"column":87}},"30":{"start":{"line":65,"column":12},"end":{"line":65,"column":36}},"31":{"start":{"line":67,"column":12},"end":{"line":67,"column":74}},"32":{"start":{"line":72,"column":8},"end":{"line":79,"column":9}},"33":{"start":{"line":73,"column":27},"end":{"line":73,"column":44}},"34":{"start":{"line":74,"column":39},"end":{"line":74,"column":78}},"35":{"start":{"line":75,"column":27},"end":{"line":75,"column":89}},"36":{"start":{"line":76,"column":12},"end":{"line":76,"column":29}},"37":{"start":{"line":78,"column":12},"end":{"line":78,"column":73}},"38":{"start":{"line":83,"column":8},"end":{"line":90,"column":9}},"39":{"start":{"line":84,"column":27},"end":{"line":84,"column":44}},"40":{"start":{"line":85,"column":47},"end":{"line":85,"column":55}},"41":{"start":{"line":86,"column":27},"end":{"line":86,"column":92}},"42":{"start":{"line":87,"column":12},"end":{"line":87,"column":29}},"43":{"start":{"line":89,"column":12},"end":{"line":89,"column":72}},"44":{"start":{"line":94,"column":8},"end":{"line":103,"column":9}},"45":{"start":{"line":95,"column":27},"end":{"line":95,"column":44}},"46":{"start":{"line":96,"column":30},"end":{"line":96,"column":48}},"47":{"start":{"line":97,"column":29},"end":{"line":97,"column":58}},"48":{"start":{"line":98,"column":26},"end":{"line":98,"column":52}},"49":{"start":{"line":99,"column":27},"end":{"line":99,"column":93}},"50":{"start":{"line":100,"column":12},"end":{"line":100,"column":29}},"51":{"start":{"line":102,"column":12},"end":{"line":102,"column":70}},"52":{"start":{"line":107,"column":8},"end":{"line":113,"column":9}},"53":{"start":{"line":108,"column":27},"end":{"line":108,"column":44}},"54":{"start":{"line":109,"column":25},"end":{"line":109,"column":62}},"55":{"start":{"line":110,"column":12},"end":{"line":110,"column":27}},"56":{"start":{"line":112,"column":12},"end":{"line":112,"column":68}},"57":{"start":{"line":117,"column":8},"end":{"line":125,"column":9}},"58":{"start":{"line":118,"column":27},"end":{"line":118,"column":44}},"59":{"start":{"line":119,"column":27},"end":{"line":119,"column":44}},"60":{"start":{"line":120,"column":29},"end":{"line":120,"column":56}},"61":{"start":{"line":121,"column":27},"end":{"line":121,"column":88}},"62":{"start":{"line":122,"column":12},"end":{"line":122,"column":29}},"63":{"start":{"line":124,"column":12},"end":{"line":124,"column":75}},"64":{"start":{"line":129,"column":8},"end":{"line":136,"column":9}},"65":{"start":{"line":130,"column":27},"end":{"line":130,"column":44}},"66":{"start":{"line":131,"column":27},"end":{"line":131,"column":44}},"67":{"start":{"line":132,"column":27},"end":{"line":132,"column":78}},"68":{"start":{"line":133,"column":12},"end":{"line":133,"column":29}},"69":{"start":{"line":135,"column":12},"end":{"line":135,"column":75}},"70":{"start":{"line":142,"column":0},"end":{"line":142,"column":35}}},"fnMap":{"0":{"name":"(anonymous_0)","decl":{"start":{"line":6,"column":4},"end":{"line":6,"column":5}},"loc":{"start":{"line":6,"column":34},"end":{"line":13,"column":5}},"line":6},"1":{"name":"(anonymous_1)","decl":{"start":{"line":15,"column":4},"end":{"line":15,"column":5}},"loc":{"start":{"line":15,"column":31},"end":{"line":22,"column":5}},"line":15},"2":{"name":"(anonymous_2)","decl":{"start":{"line":24,"column":4},"end":{"line":24,"column":5}},"loc":{"start":{"line":24,"column":34},"end":{"line":31,"column":5}},"line":24},"3":{"name":"(anonymous_3)","decl":{"start":{"line":33,"column":4},"end":{"line":33,"column":5}},"loc":{"start":{"line":33,"column":34},"end":{"line":40,"column":5}},"line":33},"4":{"name":"(anonymous_4)","decl":{"start":{"line":42,"column":4},"end":{"line":42,"column":5}},"loc":{"start":{"line":42,"column":35},"end":{"line":49,"column":5}},"line":42},"5":{"name":"(anonymous_5)","decl":{"start":{"line":51,"column":4},"end":{"line":51,"column":5}},"loc":{"start":{"line":51,"column":40},"end":{"line":59,"column":5}},"line":51},"6":{"name":"(anonymous_6)","decl":{"start":{"line":61,"column":4},"end":{"line":61,"column":5}},"loc":{"start":{"line":61,"column":34},"end":{"line":69,"column":5}},"line":61},"7":{"name":"(anonymous_7)","decl":{"start":{"line":71,"column":4},"end":{"line":71,"column":5}},"loc":{"start":{"line":71,"column":34},"end":{"line":80,"column":5}},"line":71},"8":{"name":"(anonymous_8)","decl":{"start":{"line":82,"column":4},"end":{"line":82,"column":5}},"loc":{"start":{"line":82,"column":33},"end":{"line":91,"column":5}},"line":82},"9":{"name":"(anonymous_9)","decl":{"start":{"line":93,"column":4},"end":{"line":93,"column":5}},"loc":{"start":{"line":93,"column":30},"end":{"line":104,"column":5}},"line":93},"10":{"name":"(anonymous_10)","decl":{"start":{"line":106,"column":4},"end":{"line":106,"column":5}},"loc":{"start":{"line":106,"column":29},"end":{"line":114,"column":5}},"line":106},"11":{"name":"(anonymous_11)","decl":{"start":{"line":116,"column":4},"end":{"line":116,"column":5}},"loc":{"start":{"line":116,"column":35},"end":{"line":126,"column":5}},"line":116},"12":{"name":"(anonymous_12)","decl":{"start":{"line":128,"column":4},"end":{"line":128,"column":5}},"loc":{"start":{"line":128,"column":35},"end":{"line":137,"column":5}},"line":128}},"branchMap":{},"s":{"0":1,"1":1,"2":1,"3":1,"4":1,"5":0,"6":3,"7":3,"8":1,"9":2,"10":4,"11":4,"12":2,"13":2,"14":4,"15":4,"16":2,"17":2,"18":2,"19":2,"20":1,"21":1,"22":2,"23":2,"24":2,"25":1,"26":1,"27":2,"28":2,"29":2,"30":1,"31":1,"32":2,"33":2,"34":2,"35":2,"36":1,"37":1,"38":0,"39":0,"40":0,"41":0,"42":0,"43":0,"44":0,"45":0,"46":0,"47":0,"48":0,"49":0,"50":0,"51":0,"52":2,"53":2,"54":2,"55":1,"56":1,"57":2,"58":2,"59":2,"60":2,"61":2,"62":1,"63":1,"64":2,"65":2,"66":2,"67":2,"68":1,"69":1,"70":1},"f":{"0":1,"1":3,"2":4,"3":4,"4":2,"5":2,"6":2,"7":2,"8":0,"9":0,"10":2,"11":2,"12":2},"b":{},"_coverageSchema":"1a1c01bbd47fc00a2c39e90264f33305004495a9","hash":"a70e48c9e0742ea0d3e9f9abf8e2a70de33b9f87"}
,"C:\\Data\\Code\\NodeJS\\pwc\\intermediate\\modules\\product\\dao\\models\\cart.model.js": {"path":"C:\\Data\\Code\\NodeJS\\pwc\\intermediate\\modules\\product\\dao\\models\\cart.model.js","statementMap":{"0":{"start":{"line":1,"column":17},"end":{"line":1,"column":36}},"1":{"start":{"line":3,"column":23},"end":{"line":7,"column":2}},"2":{"start":{"line":9,"column":19},"end":{"line":14,"column":2}},"3":{"start":{"line":16,"column":13},"end":{"line":16,"column":47}},"4":{"start":{"line":18,"column":0},"end":{"line":18,"column":22}}},"fnMap":{},"branchMap":{},"s":{"0":2,"1":2,"2":2,"3":2,"4":2},"f":{},"b":{},"_coverageSchema":"1a1c01bbd47fc00a2c39e90264f33305004495a9","hash":"f07748bab41c220126b68593e14eeb811d699d56"}
,"C:\\Data\\Code\\NodeJS\\pwc\\intermediate\\modules\\product\\dao\\models\\product.model.js": {"path":"C:\\Data\\Code\\NodeJS\\pwc\\intermediate\\modules\\product\\dao\\models\\product.model.js","statementMap":{"0":{"start":{"line":1,"column":15},"end":{"line":1,"column":34}},"1":{"start":{"line":3,"column":20},"end":{"line":3,"column":56}},"2":{"start":{"line":4,"column":0},"end":{"line":4,"column":58}}},"fnMap":{},"branchMap":{},"s":{"0":2,"1":2,"2":2},"f":{},"b":{},"_coverageSchema":"1a1c01bbd47fc00a2c39e90264f33305004495a9","hash":"19a65f0c28b0fa5e321ce70d1ec19a45c91582da"}
,"C:\\Data\\Code\\NodeJS\\pwc\\intermediate\\modules\\product\\dao\\schemas\\product.schema.js": {"path":"C:\\Data\\Code\\NodeJS\\pwc\\intermediate\\modules\\product\\dao\\schemas\\product.schema.js","statementMap":{"0":{"start":{"line":1,"column":17},"end":{"line":1,"column":36}},"1":{"start":{"line":3,"column":22},"end":{"line":10,"column":2}},"2":{"start":{"line":12,"column":0},"end":{"line":12,"column":31}}},"fnMap":{},"branchMap":{},"s":{"0":2,"1":2,"2":2},"f":{},"b":{},"_coverageSchema":"1a1c01bbd47fc00a2c39e90264f33305004495a9","hash":"c34f803e760b914d944dc4b77e28fd9daffc02ea"}
,"C:\\Data\\Code\\NodeJS\\pwc\\intermediate\\modules\\product\\routes\\product.routes.js": {"path":"C:\\Data\\Code\\NodeJS\\pwc\\intermediate\\modules\\product\\routes\\product.routes.js","statementMap":{"0":{"start":{"line":1,"column":16},"end":{"line":1,"column":34}},"1":{"start":{"line":2,"column":15},"end":{"line":2,"column":31}},"2":{"start":{"line":4,"column":26},"end":{"line":4,"column":69}},"3":{"start":{"line":5,"column":24},"end":{"line":5,"column":71}},"4":{"start":{"line":6,"column":23},"end":{"line":6,"column":69}},"5":{"start":{"line":7,"column":26},"end":{"line":7,"column":49}},"6":{"start":{"line":9,"column":0},"end":{"line":9,"column":53}},"7":{"start":{"line":10,"column":0},"end":{"line":10,"column":89}},"8":{"start":{"line":11,"column":0},"end":{"line":11,"column":55}},"9":{"start":{"line":12,"column":0},"end":{"line":12,"column":87}},"10":{"start":{"line":13,"column":0},"end":{"line":13,"column":82}},"11":{"start":{"line":14,"column":0},"end":{"line":14,"column":72}},"12":{"start":{"line":15,"column":0},"end":{"line":15,"column":78}},"13":{"start":{"line":16,"column":0},"end":{"line":16,"column":86}},"14":{"start":{"line":17,"column":0},"end":{"line":17,"column":93}},"15":{"start":{"line":18,"column":0},"end":{"line":18,"column":96}},"16":{"start":{"line":19,"column":0},"end":{"line":19,"column":49}},"17":{"start":{"line":20,"column":0},"end":{"line":20,"column":52}},"18":{"start":{"line":21,"column":0},"end":{"line":21,"column":88}},"19":{"start":{"line":23,"column":0},"end":{"line":23,"column":24}}},"fnMap":{},"branchMap":{},"s":{"0":1,"1":1,"2":1,"3":1,"4":1,"5":1,"6":1,"7":1,"8":1,"9":1,"10":1,"11":1,"12":1,"13":1,"14":1,"15":1,"16":1,"17":1,"18":1,"19":1},"f":{},"b":{},"_coverageSchema":"1a1c01bbd47fc00a2c39e90264f33305004495a9","hash":"4a1fe4e8398116f97319c65731472f173d0098d5"}
,"C:\\Data\\Code\\NodeJS\\pwc\\intermediate\\modules\\product\\service\\product.service.js": {"path":"C:\\Data\\Code\\NodeJS\\pwc\\intermediate\\modules\\product\\service\\product.service.js","statementMap":{"0":{"start":{"line":17,"column":0},"end":{"line":17,"column":32}}},"fnMap":{"0":{"name":"(anonymous_0)","decl":{"start":{"line":2,"column":4},"end":{"line":2,"column":5}},"loc":{"start":{"line":2,"column":37},"end":{"line":2,"column":40}},"line":2},"1":{"name":"(anonymous_1)","decl":{"start":{"line":3,"column":4},"end":{"line":3,"column":5}},"loc":{"start":{"line":3,"column":32},"end":{"line":3,"column":35}},"line":3},"2":{"name":"(anonymous_2)","decl":{"start":{"line":4,"column":4},"end":{"line":4,"column":5}},"loc":{"start":{"line":4,"column":51},"end":{"line":4,"column":54}},"line":4},"3":{"name":"(anonymous_3)","decl":{"start":{"line":5,"column":4},"end":{"line":5,"column":5}},"loc":{"start":{"line":5,"column":35},"end":{"line":5,"column":38}},"line":5},"4":{"name":"(anonymous_4)","decl":{"start":{"line":6,"column":4},"end":{"line":6,"column":5}},"loc":{"start":{"line":6,"column":27},"end":{"line":6,"column":30}},"line":6},"5":{"name":"(anonymous_5)","decl":{"start":{"line":7,"column":4},"end":{"line":7,"column":5}},"loc":{"start":{"line":7,"column":37},"end":{"line":7,"column":40}},"line":7},"6":{"name":"(anonymous_6)","decl":{"start":{"line":8,"column":4},"end":{"line":8,"column":5}},"loc":{"start":{"line":8,"column":43},"end":{"line":8,"column":46}},"line":8},"7":{"name":"(anonymous_7)","decl":{"start":{"line":9,"column":4},"end":{"line":9,"column":5}},"loc":{"start":{"line":9,"column":52},"end":{"line":9,"column":55}},"line":9},"8":{"name":"(anonymous_8)","decl":{"start":{"line":10,"column":4},"end":{"line":10,"column":5}},"loc":{"start":{"line":10,"column":31},"end":{"line":10,"column":34}},"line":10},"9":{"name":"(anonymous_9)","decl":{"start":{"line":11,"column":4},"end":{"line":11,"column":5}},"loc":{"start":{"line":11,"column":49},"end":{"line":11,"column":52}},"line":11},"10":{"name":"(anonymous_10)","decl":{"start":{"line":12,"column":4},"end":{"line":12,"column":5}},"loc":{"start":{"line":12,"column":27},"end":{"line":12,"column":30}},"line":12},"11":{"name":"(anonymous_11)","decl":{"start":{"line":13,"column":4},"end":{"line":13,"column":5}},"loc":{"start":{"line":13,"column":51},"end":{"line":13,"column":54}},"line":13},"12":{"name":"(anonymous_12)","decl":{"start":{"line":14,"column":4},"end":{"line":14,"column":5}},"loc":{"start":{"line":14,"column":41},"end":{"line":14,"column":44}},"line":14}},"branchMap":{},"s":{"0":2},"f":{"0":0,"1":0,"2":0,"3":0,"4":0,"5":0,"6":0,"7":0,"8":0,"9":0,"10":0,"11":0,"12":0},"b":{},"_coverageSchema":"1a1c01bbd47fc00a2c39e90264f33305004495a9","hash":"f892c77141df2fab3cba593aafc9bd4817a2ffb6"}
,"C:\\Data\\Code\\NodeJS\\pwc\\intermediate\\modules\\product\\service\\impl\\product.serviceImpl.js": {"path":"C:\\Data\\Code\\NodeJS\\pwc\\intermediate\\modules\\product\\service\\impl\\product.serviceImpl.js","statementMap":{"0":{"start":{"line":1,"column":16},"end":{"line":1,"column":57}},"1":{"start":{"line":2,"column":14},"end":{"line":2,"column":73}},"2":{"start":{"line":3,"column":13},"end":{"line":3,"column":51}},"3":{"start":{"line":4,"column":23},"end":{"line":4,"column":52}},"4":{"start":{"line":8,"column":8},"end":{"line":13,"column":9}},"5":{"start":{"line":9,"column":28},"end":{"line":9,"column":61}},"6":{"start":{"line":10,"column":12},"end":{"line":10,"column":27}},"7":{"start":{"line":12,"column":12},"end":{"line":12,"column":57}},"8":{"start":{"line":17,"column":8},"end":{"line":25,"column":9}},"9":{"start":{"line":18,"column":28},"end":{"line":18,"column":61}},"10":{"start":{"line":19,"column":12},"end":{"line":21,"column":13}},"11":{"start":{"line":20,"column":16},"end":{"line":20,"column":54}},"12":{"start":{"line":22,"column":12},"end":{"line":22,"column":27}},"13":{"start":{"line":24,"column":12},"end":{"line":24,"column":54}},"14":{"start":{"line":29,"column":8},"end":{"line":37,"column":9}},"15":{"start":{"line":30,"column":28},"end":{"line":30,"column":101}},"16":{"start":{"line":31,"column":12},"end":{"line":33,"column":13}},"17":{"start":{"line":32,"column":16},"end":{"line":32,"column":54}},"18":{"start":{"line":34,"column":12},"end":{"line":34,"column":27}},"19":{"start":{"line":36,"column":12},"end":{"line":36,"column":57}},"20":{"start":{"line":41,"column":8},"end":{"line":49,"column":9}},"21":{"start":{"line":42,"column":28},"end":{"line":42,"column":70}},"22":{"start":{"line":43,"column":12},"end":{"line":45,"column":13}},"23":{"start":{"line":44,"column":16},"end":{"line":44,"column":54}},"24":{"start":{"line":46,"column":12},"end":{"line":46,"column":27}},"25":{"start":{"line":48,"column":12},"end":{"line":48,"column":57}},"26":{"start":{"line":53,"column":8},"end":{"line":68,"column":9}},"27":{"start":{"line":54,"column":26},"end":{"line":54,"column":28}},"28":{"start":{"line":56,"column":12},"end":{"line":58,"column":13}},"29":{"start":{"line":57,"column":16},"end":{"line":57,"column":61}},"30":{"start":{"line":60,"column":12},"end":{"line":62,"column":13}},"31":{"start":{"line":61,"column":16},"end":{"line":61,"column":75}},"32":{"start":{"line":64,"column":29},"end":{"line":64,"column":54}},"33":{"start":{"line":65,"column":12},"end":{"line":65,"column":28}},"34":{"start":{"line":67,"column":12},"end":{"line":67,"column":62}},"35":{"start":{"line":72,"column":8},"end":{"line":77,"column":9}},"36":{"start":{"line":73,"column":29},"end":{"line":73,"column":84}},"37":{"start":{"line":74,"column":12},"end":{"line":74,"column":28}},"38":{"start":{"line":76,"column":12},"end":{"line":76,"column":65}},"39":{"start":{"line":81,"column":8},"end":{"line":86,"column":9}},"40":{"start":{"line":82,"column":29},"end":{"line":82,"column":49}},"41":{"start":{"line":83,"column":12},"end":{"line":83,"column":28}},"42":{"start":{"line":85,"column":12},"end":{"line":85,"column":59}},"43":{"start":{"line":90,"column":8},"end":{"line":115,"column":9}},"44":{"start":{"line":91,"column":25},"end":{"line":91,"column":55}},"45":{"start":{"line":93,"column":12},"end":{"line":95,"column":13}},"46":{"start":{"line":94,"column":16},"end":{"line":94,"column":51}},"47":{"start":{"line":97,"column":12},"end":{"line":99,"column":13}},"48":{"start":{"line":98,"column":16},"end":{"line":98,"column":64}},"49":{"start":{"line":102,"column":35},"end":{"line":102,"column":63}},"50":{"start":{"line":105,"column":12},"end":{"line":107,"column":15}},"51":{"start":{"line":106,"column":16},"end":{"line":106,"column":53}},"52":{"start":{"line":110,"column":12},"end":{"line":110,"column":30}},"53":{"start":{"line":112,"column":12},"end":{"line":112,"column":65}},"54":{"start":{"line":114,"column":12},"end":{"line":114,"column":57}},"55":{"start":{"line":119,"column":8},"end":{"line":154,"column":9}},"56":{"start":{"line":120,"column":25},"end":{"line":120,"column":55}},"57":{"start":{"line":121,"column":12},"end":{"line":123,"column":13}},"58":{"start":{"line":122,"column":16},"end":{"line":122,"column":51}},"59":{"start":{"line":124,"column":30},"end":{"line":124,"column":31}},"60":{"start":{"line":125,"column":12},"end":{"line":128,"column":15}},"61":{"start":{"line":126,"column":34},"end":{"line":126,"column":60}},"62":{"start":{"line":127,"column":16},"end":{"line":127,"column":41}},"63":{"start":{"line":129,"column":26},"end":{"line":144,"column":14}},"64":{"start":{"line":132,"column":50},"end":{"line":135,"column":17}},"65":{"start":{"line":145,"column":12},"end":{"line":151,"column":13}},"66":{"start":{"line":146,"column":16},"end":{"line":146,"column":35}},"67":{"start":{"line":147,"column":16},"end":{"line":147,"column":55}},"68":{"start":{"line":148,"column":16},"end":{"line":148,"column":91}},"69":{"start":{"line":150,"column":16},"end":{"line":150,"column":75}},"70":{"start":{"line":153,"column":12},"end":{"line":153,"column":60}},"71":{"start":{"line":158,"column":8},"end":{"line":177,"column":9}},"72":{"start":{"line":159,"column":37},"end":{"line":159,"column":95}},"73":{"start":{"line":161,"column":12},"end":{"line":174,"column":13}},"74":{"start":{"line":162,"column":16},"end":{"line":166,"column":18}},"75":{"start":{"line":168,"column":29},"end":{"line":172,"column":17}},"76":{"start":{"line":173,"column":16},"end":{"line":173,"column":28}},"77":{"start":{"line":176,"column":12},"end":{"line":176,"column":67}},"78":{"start":{"line":181,"column":8},"end":{"line":186,"column":9}},"79":{"start":{"line":182,"column":25},"end":{"line":182,"column":81}},"80":{"start":{"line":183,"column":12},"end":{"line":183,"column":24}},"81":{"start":{"line":185,"column":12},"end":{"line":185,"column":72}},"82":{"start":{"line":190,"column":8},"end":{"line":199,"column":9}},"83":{"start":{"line":191,"column":25},"end":{"line":195,"column":13}},"84":{"start":{"line":196,"column":12},"end":{"line":196,"column":24}},"85":{"start":{"line":198,"column":12},"end":{"line":198,"column":66}},"86":{"start":{"line":203,"column":8},"end":{"line":212,"column":9}},"87":{"start":{"line":204,"column":25},"end":{"line":208,"column":13}},"88":{"start":{"line":209,"column":12},"end":{"line":209,"column":24}},"89":{"start":{"line":211,"column":12},"end":{"line":211,"column":68}},"90":{"start":{"line":216,"column":0},"end":{"line":216,"column":36}}},"fnMap":{"0":{"name":"(anonymous_0)","decl":{"start":{"line":7,"column":4},"end":{"line":7,"column":5}},"loc":{"start":{"line":7,"column":37},"end":{"line":14,"column":5}},"line":7},"1":{"name":"(anonymous_1)","decl":{"start":{"line":16,"column":4},"end":{"line":16,"column":5}},"loc":{"start":{"line":16,"column":32},"end":{"line":26,"column":5}},"line":16},"2":{"name":"(anonymous_2)","decl":{"start":{"line":28,"column":4},"end":{"line":28,"column":5}},"loc":{"start":{"line":28,"column":51},"end":{"line":38,"column":5}},"line":28},"3":{"name":"(anonymous_3)","decl":{"start":{"line":40,"column":4},"end":{"line":40,"column":5}},"loc":{"start":{"line":40,"column":35},"end":{"line":50,"column":5}},"line":40},"4":{"name":"(anonymous_4)","decl":{"start":{"line":52,"column":4},"end":{"line":52,"column":5}},"loc":{"start":{"line":52,"column":43},"end":{"line":69,"column":5}},"line":52},"5":{"name":"(anonymous_5)","decl":{"start":{"line":71,"column":4},"end":{"line":71,"column":5}},"loc":{"start":{"line":71,"column":37},"end":{"line":78,"column":5}},"line":71},"6":{"name":"(anonymous_6)","decl":{"start":{"line":80,"column":4},"end":{"line":80,"column":5}},"loc":{"start":{"line":80,"column":27},"end":{"line":87,"column":5}},"line":80},"7":{"name":"(anonymous_7)","decl":{"start":{"line":89,"column":4},"end":{"line":89,"column":5}},"loc":{"start":{"line":89,"column":52},"end":{"line":116,"column":5}},"line":89},"8":{"name":"(anonymous_8)","decl":{"start":{"line":105,"column":31},"end":{"line":105,"column":32}},"loc":{"start":{"line":105,"column":41},"end":{"line":107,"column":13}},"line":105},"9":{"name":"(anonymous_9)","decl":{"start":{"line":118,"column":4},"end":{"line":118,"column":5}},"loc":{"start":{"line":118,"column":55},"end":{"line":155,"column":5}},"line":118},"10":{"name":"(anonymous_10)","decl":{"start":{"line":125,"column":31},"end":{"line":125,"column":32}},"loc":{"start":{"line":125,"column":39},"end":{"line":128,"column":13}},"line":125},"11":{"name":"(anonymous_11)","decl":{"start":{"line":132,"column":41},"end":{"line":132,"column":42}},"loc":{"start":{"line":132,"column":50},"end":{"line":135,"column":17}},"line":132},"12":{"name":"(anonymous_12)","decl":{"start":{"line":157,"column":4},"end":{"line":157,"column":5}},"loc":{"start":{"line":157,"column":56},"end":{"line":178,"column":5}},"line":157},"13":{"name":"(anonymous_13)","decl":{"start":{"line":180,"column":4},"end":{"line":180,"column":5}},"loc":{"start":{"line":180,"column":27},"end":{"line":187,"column":5}},"line":180},"14":{"name":"(anonymous_14)","decl":{"start":{"line":189,"column":4},"end":{"line":189,"column":5}},"loc":{"start":{"line":189,"column":51},"end":{"line":200,"column":5}},"line":189},"15":{"name":"(anonymous_15)","decl":{"start":{"line":202,"column":4},"end":{"line":202,"column":5}},"loc":{"start":{"line":202,"column":41},"end":{"line":213,"column":5}},"line":202}},"branchMap":{"0":{"loc":{"start":{"line":19,"column":12},"end":{"line":21,"column":13}},"type":"if","locations":[{"start":{"line":19,"column":12},"end":{"line":21,"column":13}},{"start":{},"end":{}}],"line":19},"1":{"loc":{"start":{"line":31,"column":12},"end":{"line":33,"column":13}},"type":"if","locations":[{"start":{"line":31,"column":12},"end":{"line":33,"column":13}},{"start":{},"end":{}}],"line":31},"2":{"loc":{"start":{"line":43,"column":12},"end":{"line":45,"column":13}},"type":"if","locations":[{"start":{"line":43,"column":12},"end":{"line":45,"column":13}},{"start":{},"end":{}}],"line":43},"3":{"loc":{"start":{"line":56,"column":12},"end":{"line":58,"column":13}},"type":"if","locations":[{"start":{"line":56,"column":12},"end":{"line":58,"column":13}},{"start":{},"end":{}}],"line":56},"4":{"loc":{"start":{"line":60,"column":12},"end":{"line":62,"column":13}},"type":"if","locations":[{"start":{"line":60,"column":12},"end":{"line":62,"column":13}},{"start":{},"end":{}}],"line":60},"5":{"loc":{"start":{"line":93,"column":12},"end":{"line":95,"column":13}},"type":"if","locations":[{"start":{"line":93,"column":12},"end":{"line":95,"column":13}},{"start":{},"end":{}}],"line":93},"6":{"loc":{"start":{"line":97,"column":12},"end":{"line":99,"column":13}},"type":"if","locations":[{"start":{"line":97,"column":12},"end":{"line":99,"column":13}},{"start":{},"end":{}}],"line":97},"7":{"loc":{"start":{"line":97,"column":16},"end":{"line":97,"column":66}},"type":"binary-expr","locations":[{"start":{"line":97,"column":16},"end":{"line":97,"column":38}},{"start":{"line":97,"column":42},"end":{"line":97,"column":66}}],"line":97},"8":{"loc":{"start":{"line":121,"column":12},"end":{"line":123,"column":13}},"type":"if","locations":[{"start":{"line":121,"column":12},"end":{"line":123,"column":13}},{"start":{},"end":{}}],"line":121},"9":{"loc":{"start":{"line":161,"column":12},"end":{"line":174,"column":13}},"type":"if","locations":[{"start":{"line":161,"column":12},"end":{"line":174,"column":13}},{"start":{"line":167,"column":19},"end":{"line":174,"column":13}}],"line":161}},"s":{"0":2,"1":2,"2":2,"3":2,"4":2,"5":2,"6":1,"7":1,"8":3,"9":3,"10":3,"11":1,"12":2,"13":1,"14":4,"15":4,"16":3,"17":1,"18":2,"19":2,"20":3,"21":3,"22":2,"23":1,"24":1,"25":2,"26":2,"27":2,"28":2,"29":2,"30":2,"31":2,"32":2,"33":1,"34":1,"35":0,"36":0,"37":0,"38":0,"39":0,"40":0,"41":0,"42":0,"43":0,"44":0,"45":0,"46":0,"47":0,"48":0,"49":0,"50":0,"51":0,"52":0,"53":0,"54":0,"55":0,"56":0,"57":0,"58":0,"59":0,"60":0,"61":0,"62":0,"63":0,"64":0,"65":0,"66":0,"67":0,"68":0,"69":0,"70":0,"71":1,"72":1,"73":1,"74":0,"75":1,"76":1,"77":0,"78":0,"79":0,"80":0,"81":0,"82":2,"83":2,"84":2,"85":0,"86":2,"87":2,"88":2,"89":0,"90":2},"f":{"0":2,"1":3,"2":4,"3":3,"4":2,"5":0,"6":0,"7":0,"8":0,"9":0,"10":0,"11":0,"12":1,"13":0,"14":2,"15":2},"b":{"0":[1,2],"1":[1,2],"2":[1,1],"3":[2,0],"4":[2,0],"5":[0,0],"6":[0,0],"7":[0,0],"8":[0,0],"9":[0,1]},"_coverageSchema":"1a1c01bbd47fc00a2c39e90264f33305004495a9","hash":"cfe6c76718d530f04d61c4af62174ba1f517e4dc"}
}
