TN:
SF:modules\middleware\authAdminMiddleware.js
FN:1,adminMiddleware
FNF:1
FNH:0
FNDA:0,adminMiddleware
DA:2,0
DA:3,0
DA:5,0
DA:9,2
LF:4
LH:1
BRDA:2,0,0,0
BRDA:2,0,1,0
BRF:2
BRH:0
end_of_record
TN:
SF:modules\middleware\authUserMiddleware.js
FN:3,authMiddleware
FNF:1
FNH:1
FNDA:22,authMiddleware
DA:1,2
DA:4,22
DA:5,22
DA:6,22
DA:8,0
DA:9,0
DA:10,0
DA:11,0
DA:13,0
DA:14,0
DA:18,2
LF:11
LH:5
BRDA:5,0,0,22
BRDA:5,0,1,0
BRF:2
BRH:1
end_of_record
TN:
SF:modules\order\controller\order.controller.js
FN:6,(anonymous_0)
FN:15,(anonymous_1)
FN:24,(anonymous_2)
FN:33,(anonymous_3)
FN:42,(anonymous_4)
FN:51,(anonymous_5)
FN:61,(anonymous_6)
FN:71,(anonymous_7)
FN:81,(anonymous_8)
FN:91,(anonymous_9)
FN:100,(anonymous_10)
FN:110,(anonymous_11)
FN:120,(anonymous_12)
FN:129,(anonymous_13)
FNF:14
FNH:12
FNDA:0,(anonymous_0)
FNDA:2,(anonymous_1)
FNDA:2,(anonymous_2)
FNDA:2,(anonymous_3)
FNDA:3,(anonymous_4)
FNDA:1,(anonymous_5)
FNDA:1,(anonymous_6)
FNDA:1,(anonymous_7)
FNDA:1,(anonymous_8)
FNDA:1,(anonymous_9)
FNDA:1,(anonymous_10)
FNDA:1,(anonymous_11)
FNDA:1,(anonymous_12)
FNDA:0,(anonymous_13)
DA:1,1
DA:3,1
DA:7,0
DA:8,0
DA:9,0
DA:11,0
DA:16,2
DA:17,2
DA:18,1
DA:20,1
DA:25,2
DA:26,2
DA:27,1
DA:29,1
DA:34,2
DA:35,2
DA:36,1
DA:38,1
DA:43,3
DA:44,3
DA:45,1
DA:47,2
DA:52,1
DA:53,1
DA:54,1
DA:55,1
DA:57,0
DA:62,1
DA:63,1
DA:64,1
DA:65,1
DA:67,0
DA:72,1
DA:73,1
DA:74,1
DA:75,1
DA:77,0
DA:82,1
DA:83,1
DA:84,1
DA:85,1
DA:87,0
DA:92,1
DA:93,1
DA:94,1
DA:96,0
DA:101,1
DA:102,1
DA:103,1
DA:104,1
DA:106,0
DA:111,1
DA:112,1
DA:113,1
DA:114,1
DA:116,0
DA:121,1
DA:122,1
DA:123,1
DA:125,0
DA:130,0
DA:131,0
DA:132,0
DA:133,0
DA:135,0
DA:140,1
LF:66
LH:49
BRF:0
BRH:0
end_of_record
TN:
SF:modules\order\dao\models\order.model.js
FNF:0
FNH:0
DA:1,4
DA:3,4
DA:4,4
LF:3
LH:3
BRF:0
BRH:0
end_of_record
TN:
SF:modules\order\dao\schemas\order.schema.js
FNF:0
FNH:0
DA:1,4
DA:3,4
DA:23,4
LF:3
LH:3
BRF:0
BRH:0
end_of_record
TN:
SF:modules\order\routes\order.routes.js
FNF:0
FNH:0
DA:1,1
DA:2,1
DA:4,1
DA:5,1
DA:6,1
DA:8,1
DA:10,1
DA:11,1
DA:12,1
DA:13,1
DA:14,1
DA:15,1
DA:16,1
DA:17,1
DA:18,1
DA:19,1
DA:20,1
DA:21,1
DA:22,1
DA:23,1
DA:25,1
LF:21
LH:21
BRF:0
BRH:0
end_of_record
TN:
SF:modules\order\service\order.service.js
FN:2,(anonymous_0)
FN:3,(anonymous_1)
FN:4,(anonymous_2)
FN:5,(anonymous_3)
FN:6,(anonymous_4)
FN:7,(anonymous_5)
FN:8,(anonymous_6)
FN:9,(anonymous_7)
FN:10,(anonymous_8)
FN:11,(anonymous_9)
FN:12,(anonymous_10)
FN:13,(anonymous_11)
FN:14,(anonymous_12)
FN:15,(anonymous_13)
FNF:14
FNH:0
FNDA:0,(anonymous_0)
FNDA:0,(anonymous_1)
FNDA:0,(anonymous_2)
FNDA:0,(anonymous_3)
FNDA:0,(anonymous_4)
FNDA:0,(anonymous_5)
FNDA:0,(anonymous_6)
FNDA:0,(anonymous_7)
FNDA:0,(anonymous_8)
FNDA:0,(anonymous_9)
FNDA:0,(anonymous_10)
FNDA:0,(anonymous_11)
FNDA:0,(anonymous_12)
FNDA:0,(anonymous_13)
DA:18,2
LF:1
LH:1
BRF:0
BRH:0
end_of_record
TN:
SF:modules\order\service\impl\order.serviceImpl.js
FN:5,(anonymous_0)
FN:14,(anonymous_1)
FN:23,(anonymous_2)
FN:35,(anonymous_3)
FN:47,(anonymous_4)
FN:59,(anonymous_5)
FN:68,(anonymous_6)
FN:80,(anonymous_7)
FN:92,(anonymous_8)
FN:110,(anonymous_9)
FN:117,(anonymous_10)
FN:140,(anonymous_11)
FN:160,(anonymous_12)
FN:179,(anonymous_13)
FN:183,(anonymous_14)
FN:202,(anonymous_15)
FNF:16
FNH:14
FNDA:2,(anonymous_0)
FNDA:0,(anonymous_1)
FNDA:2,(anonymous_2)
FNDA:3,(anonymous_3)
FNDA:3,(anonymous_4)
FNDA:2,(anonymous_5)
FNDA:2,(anonymous_6)
FNDA:2,(anonymous_7)
FNDA:1,(anonymous_8)
FNDA:2,(anonymous_9)
FNDA:3,(anonymous_10)
FNDA:2,(anonymous_11)
FNDA:2,(anonymous_12)
FNDA:2,(anonymous_13)
FNDA:3,(anonymous_14)
FNDA:0,(anonymous_15)
DA:1,2
DA:2,2
DA:6,2
DA:7,2
DA:8,1
DA:10,1
DA:15,0
DA:16,0
DA:17,0
DA:19,0
DA:24,2
DA:25,2
DA:26,2
DA:27,1
DA:29,1
DA:31,1
DA:36,3
DA:37,3
DA:38,2
DA:39,1
DA:41,1
DA:43,2
DA:48,3
DA:49,3
DA:50,2
DA:51,1
DA:53,1
DA:55,2
DA:60,2
DA:61,2
DA:62,1
DA:64,1
DA:69,2
DA:70,2
DA:71,1
DA:72,0
DA:74,1
DA:76,1
DA:81,2
DA:82,2
DA:83,1
DA:84,0
DA:86,1
DA:88,1
DA:93,1
DA:94,1
DA:95,1
DA:96,0
DA:100,1
DA:101,0
DA:102,0
DA:104,0
DA:106,1
DA:111,2
DA:112,2
DA:113,1
DA:114,1
DA:115,1
DA:116,1
DA:117,1
DA:118,3
DA:119,3
DA:120,3
DA:121,2
DA:123,3
DA:124,2
DA:127,1
DA:128,1
DA:134,1
DA:136,1
DA:141,2
DA:142,2
DA:143,1
DA:144,0
DA:148,1
DA:154,1
DA:156,1
DA:161,2
DA:162,2
DA:163,1
DA:164,0
DA:168,1
DA:173,1
DA:175,1
DA:180,2
DA:181,2
DA:182,1
DA:184,3
DA:185,3
DA:186,3
DA:187,3
DA:188,3
DA:196,1
DA:198,1
DA:203,0
DA:204,0
DA:208,0
DA:210,0
DA:211,0
DA:217,2
LF:100
LH:83
BRDA:26,0,0,1
BRDA:26,0,1,1
BRDA:38,1,0,1
BRDA:38,1,1,1
BRDA:50,2,0,1
BRDA:50,2,1,1
BRDA:71,3,0,0
BRDA:71,3,1,1
BRDA:83,4,0,0
BRDA:83,4,1,1
BRDA:95,5,0,0
BRDA:95,5,1,1
BRDA:120,6,0,2
BRDA:120,6,1,1
BRDA:123,7,0,2
BRDA:123,7,1,1
BRDA:143,8,0,0
BRDA:143,8,1,1
BRDA:163,9,0,0
BRDA:163,9,1,1
BRF:20
BRH:15
end_of_record
TN:
SF:modules\product\controller\product.controller.js
FN:6,(anonymous_0)
FN:15,(anonymous_1)
FN:24,(anonymous_2)
FN:33,(anonymous_3)
FN:42,(anonymous_4)
FN:51,(anonymous_5)
FN:61,(anonymous_6)
FN:71,(anonymous_7)
FN:82,(anonymous_8)
FN:93,(anonymous_9)
FN:106,(anonymous_10)
FN:116,(anonymous_11)
FN:128,(anonymous_12)
FNF:13
FNH:11
FNDA:1,(anonymous_0)
FNDA:3,(anonymous_1)
FNDA:4,(anonymous_2)
FNDA:4,(anonymous_3)
FNDA:2,(anonymous_4)
FNDA:2,(anonymous_5)
FNDA:2,(anonymous_6)
FNDA:2,(anonymous_7)
FNDA:0,(anonymous_8)
FNDA:0,(anonymous_9)
FNDA:2,(anonymous_10)
FNDA:2,(anonymous_11)
FNDA:2,(anonymous_12)
DA:1,1
DA:3,1
DA:7,1
DA:8,1
DA:9,1
DA:11,0
DA:16,3
DA:17,3
DA:18,1
DA:20,2
DA:25,4
DA:26,4
DA:27,2
DA:29,2
DA:34,4
DA:35,4
DA:36,2
DA:38,2
DA:43,2
DA:44,2
DA:45,1
DA:47,1
DA:52,2
DA:53,2
DA:54,2
DA:55,1
DA:57,1
DA:62,2
DA:63,2
DA:64,2
DA:65,1
DA:67,1
DA:72,2
DA:73,2
DA:74,2
DA:75,2
DA:76,1
DA:78,1
DA:83,0
DA:84,0
DA:85,0
DA:86,0
DA:87,0
DA:89,0
DA:94,0
DA:95,0
DA:96,0
DA:97,0
DA:98,0
DA:99,0
DA:100,0
DA:102,0
DA:107,2
DA:108,2
DA:109,2
DA:110,1
DA:112,1
DA:117,2
DA:118,2
DA:119,2
DA:120,2
DA:121,2
DA:122,1
DA:124,1
DA:129,2
DA:130,2
DA:131,2
DA:132,2
DA:133,1
DA:135,1
DA:142,1
LF:71
LH:56
BRF:0
BRH:0
end_of_record
TN:
SF:modules\product\dao\models\cart.model.js
FNF:0
FNH:0
DA:1,2
DA:3,2
DA:9,2
DA:16,2
DA:18,2
LF:5
LH:5
BRF:0
BRH:0
end_of_record
TN:
SF:modules\product\dao\models\product.model.js
FNF:0
FNH:0
DA:1,2
DA:3,2
DA:4,2
LF:3
LH:3
BRF:0
BRH:0
end_of_record
TN:
SF:modules\product\dao\schemas\product.schema.js
FNF:0
FNH:0
DA:1,2
DA:3,2
DA:12,2
LF:3
LH:3
BRF:0
BRH:0
end_of_record
TN:
SF:modules\product\routes\product.routes.js
FNF:0
FNH:0
DA:1,1
DA:2,1
DA:4,1
DA:5,1
DA:6,1
DA:7,1
DA:9,1
DA:10,1
DA:11,1
DA:12,1
DA:13,1
DA:14,1
DA:15,1
DA:16,1
DA:17,1
DA:18,1
DA:19,1
DA:20,1
DA:21,1
DA:23,1
LF:20
LH:20
BRF:0
BRH:0
end_of_record
TN:
SF:modules\product\service\product.service.js
FN:2,(anonymous_0)
FN:3,(anonymous_1)
FN:4,(anonymous_2)
FN:5,(anonymous_3)
FN:6,(anonymous_4)
FN:7,(anonymous_5)
FN:8,(anonymous_6)
FN:9,(anonymous_7)
FN:10,(anonymous_8)
FN:11,(anonymous_9)
FN:12,(anonymous_10)
FN:13,(anonymous_11)
FN:14,(anonymous_12)
FNF:13
FNH:0
FNDA:0,(anonymous_0)
FNDA:0,(anonymous_1)
FNDA:0,(anonymous_2)
FNDA:0,(anonymous_3)
FNDA:0,(anonymous_4)
FNDA:0,(anonymous_5)
FNDA:0,(anonymous_6)
FNDA:0,(anonymous_7)
FNDA:0,(anonymous_8)
FNDA:0,(anonymous_9)
FNDA:0,(anonymous_10)
FNDA:0,(anonymous_11)
FNDA:0,(anonymous_12)
DA:17,2
LF:1
LH:1
BRF:0
BRH:0
end_of_record
TN:
SF:modules\product\service\impl\product.serviceImpl.js
FN:7,(anonymous_0)
FN:16,(anonymous_1)
FN:28,(anonymous_2)
FN:40,(anonymous_3)
FN:52,(anonymous_4)
FN:71,(anonymous_5)
FN:80,(anonymous_6)
FN:89,(anonymous_7)
FN:105,(anonymous_8)
FN:118,(anonymous_9)
FN:125,(anonymous_10)
FN:132,(anonymous_11)
FN:157,(anonymous_12)
FN:180,(anonymous_13)
FN:189,(anonymous_14)
FN:202,(anonymous_15)
FNF:16
FNH:8
FNDA:2,(anonymous_0)
FNDA:3,(anonymous_1)
FNDA:4,(anonymous_2)
FNDA:3,(anonymous_3)
FNDA:2,(anonymous_4)
FNDA:0,(anonymous_5)
FNDA:0,(anonymous_6)
FNDA:0,(anonymous_7)
FNDA:0,(anonymous_8)
FNDA:0,(anonymous_9)
FNDA:0,(anonymous_10)
FNDA:0,(anonymous_11)
FNDA:1,(anonymous_12)
FNDA:0,(anonymous_13)
FNDA:2,(anonymous_14)
FNDA:2,(anonymous_15)
DA:1,2
DA:2,2
DA:3,2
DA:4,2
DA:8,2
DA:9,2
DA:10,1
DA:12,1
DA:17,3
DA:18,3
DA:19,3
DA:20,1
DA:22,2
DA:24,1
DA:29,4
DA:30,4
DA:31,3
DA:32,1
DA:34,2
DA:36,2
DA:41,3
DA:42,3
DA:43,2
DA:44,1
DA:46,1
DA:48,2
DA:53,2
DA:54,2
DA:56,2
DA:57,2
DA:60,2
DA:61,2
DA:64,2
DA:65,1
DA:67,1
DA:72,0
DA:73,0
DA:74,0
DA:76,0
DA:81,0
DA:82,0
DA:83,0
DA:85,0
DA:90,0
DA:91,0
DA:93,0
DA:94,0
DA:97,0
DA:98,0
DA:102,0
DA:105,0
DA:106,0
DA:110,0
DA:112,0
DA:114,0
DA:119,0
DA:120,0
DA:121,0
DA:122,0
DA:124,0
DA:125,0
DA:126,0
DA:127,0
DA:129,0
DA:132,0
DA:145,0
DA:146,0
DA:147,0
DA:148,0
DA:150,0
DA:153,0
DA:158,1
DA:159,1
DA:161,1
DA:162,0
DA:168,1
DA:173,1
DA:176,0
DA:181,0
DA:182,0
DA:183,0
DA:185,0
DA:190,2
DA:191,2
DA:196,2
DA:198,0
DA:203,2
DA:204,2
DA:209,2
DA:211,0
DA:216,2
LF:91
LH:47
BRDA:19,0,0,1
BRDA:19,0,1,2
BRDA:31,1,0,1
BRDA:31,1,1,2
BRDA:43,2,0,1
BRDA:43,2,1,1
BRDA:56,3,0,2
BRDA:56,3,1,0
BRDA:60,4,0,2
BRDA:60,4,1,0
BRDA:93,5,0,0
BRDA:93,5,1,0
BRDA:97,6,0,0
BRDA:97,6,1,0
BRDA:97,7,0,0
BRDA:97,7,1,0
BRDA:121,8,0,0
BRDA:121,8,1,0
BRDA:161,9,0,0
BRDA:161,9,1,1
BRF:20
BRH:9
end_of_record
